[2023-09-24 08:33:21,658 - Risk Analysis - INFO - It is risk analysis]
[2023-09-24 10:54:24,062 - Risk Analysis - INFO - directory is created ]
[2023-09-24 10:58:42,625 - Risk Analysis - INFO - directory is created ]
[2023-09-24 10:58:42,628 - Risk Analysis - INFO - directory is created ]
[2023-09-24 10:59:17,179 - Risk Analysis - INFO - directory is created ]
[2023-09-24 10:59:17,179 - Risk Analysis - INFO - directory is created ]
[2023-09-24 11:04:59,919 - Risk Analysis - INFO - directory is created ]
[2023-09-24 11:04:59,922 - Risk Analysis - INFO - directory is created ]
[2023-09-24 11:07:21,193 - Risk Analysis - INFO - directory is created ]
[2023-09-24 11:07:21,197 - Risk Analysis - INFO - directory is created ]
[2023-09-24 11:08:54,250 - Risk Analysis - INFO - directory is created ]
[2023-09-24 11:08:54,250 - Risk Analysis - INFO - directory is created ]
[2023-09-24 11:16:36,012 - Risk Analysis - INFO - directory is created ]
[2023-09-24 11:16:36,016 - Risk Analysis - INFO - directory is created ]
[2023-09-24 11:47:43,800 - Risk Analysis - INFO - directory is created ]
[2023-09-24 11:47:43,800 - Risk Analysis - INFO - directory is created ]
[2023-09-24 11:47:55,079 - Risk Analysis - INFO - Data ingestion completed]
[2023-09-24 12:47:28,413 - Risk Analysis - INFO - directory is created ]
[2023-09-24 12:47:28,413 - Risk Analysis - INFO - directory is created ]
[2023-09-24 12:48:11,966 - Risk Analysis - INFO - directory is created ]
[2023-09-24 12:48:11,966 - Risk Analysis - INFO - directory is created ]
[2023-09-24 12:48:23,111 - Risk Analysis - INFO - Data ingestion completed]
[2023-09-24 13:15:59,846 - Risk Analysis - INFO - directory is created ]
[2023-09-24 13:15:59,867 - Risk Analysis - INFO - directory is created ]
[2023-09-24 13:18:32,989 - Risk Analysis - INFO - directory is created ]
[2023-09-24 13:19:43,920 - Risk Analysis - INFO - directory is created ]
[2023-09-24 13:19:43,934 - Risk Analysis - INFO - directory is created ]
[2023-09-24 13:21:18,218 - Risk Analysis - INFO - directory is created ]
[2023-09-24 13:21:18,218 - Risk Analysis - INFO - directory is created ]
[2023-09-24 13:21:53,214 - Risk Analysis - INFO - directory is created ]
[2023-09-24 13:21:53,217 - Risk Analysis - INFO - directory is created ]
[2023-09-24 13:22:14,386 - Risk Analysis - INFO - directory is created ]
[2023-09-24 13:22:14,389 - Risk Analysis - INFO - directory is created ]
[2023-09-24 13:22:59,686 - Risk Analysis - INFO - directory is created ]
[2023-09-24 13:22:59,686 - Risk Analysis - INFO - directory is created ]
[2023-09-24 13:27:12,033 - Risk Analysis - INFO - directory is created ]
[2023-09-24 13:27:12,037 - Risk Analysis - INFO - directory is created ]
[2023-09-24 13:28:14,780 - Risk Analysis - INFO - directory is created ]
[2023-09-24 13:28:14,783 - Risk Analysis - INFO - directory is created ]
[2023-09-24 13:31:24,819 - Risk Analysis - INFO - directory is created ]
[2023-09-24 13:31:24,819 - Risk Analysis - INFO - directory is created ]
[2023-09-24 13:43:43,248 - numexpr.utils - INFO - NumExpr defaulting to 4 threads.]
[2023-09-24 13:43:44,562 - Risk Analysis - INFO - directory is created ]
[2023-09-24 13:43:44,562 - Risk Analysis - INFO - directory is created ]
[2023-09-24 13:43:55,914 - Risk Analysis - INFO - Data ingestion completed]
[2023-09-24 13:43:55,930 - Risk Analysis - INFO - directory is created ]
[2023-09-24 13:43:55,930 - Risk Analysis - INFO - directory is created ]
[2023-09-24 13:44:00,660 - Risk Analysis - INFO - Data transformation completed]
[2023-09-24 15:44:07,432 - Risk Analysis - INFO - directory is created ]
[2023-09-24 15:44:07,448 - Risk Analysis - INFO - directory is created ]
[2023-09-24 15:44:32,457 - Risk Analysis - INFO - directory is created ]
[2023-09-24 15:44:32,457 - Risk Analysis - INFO - directory is created ]
[2023-09-24 15:51:51,651 - Risk Analysis - INFO - directory is created ]
[2023-09-24 15:51:51,659 - Risk Analysis - INFO - directory is created ]
[2023-09-24 15:52:59,671 - Risk Analysis - INFO - directory is created ]
[2023-09-24 15:52:59,679 - Risk Analysis - INFO - directory is created ]
[2023-09-24 15:55:20,903 - Risk Analysis - INFO - directory is created ]
[2023-09-24 15:55:20,908 - Risk Analysis - INFO - directory is created ]
[2023-09-24 15:58:51,051 - Risk Analysis - INFO - directory is created ]
[2023-09-24 15:58:51,067 - Risk Analysis - INFO - directory is created ]
[2023-09-24 16:00:38,825 - Risk Analysis - INFO - directory is created ]
[2023-09-24 16:00:38,832 - Risk Analysis - INFO - directory is created ]
[2023-09-24 16:09:59,059 - Risk Analysis - INFO - directory is created ]
[2023-09-24 16:09:59,067 - Risk Analysis - INFO - directory is created ]
[2023-09-24 16:11:57,281 - Risk Analysis - INFO - directory is created ]
[2023-09-24 16:11:57,293 - Risk Analysis - INFO - directory is created ]
[2023-09-24 16:16:07,972 - Risk Analysis - INFO - directory is created ]
[2023-09-24 16:16:07,980 - Risk Analysis - INFO - directory is created ]
[2023-09-24 16:17:26,345 - Risk Analysis - INFO - directory is created ]
[2023-09-24 16:17:26,353 - Risk Analysis - INFO - directory is created ]
[2023-09-24 17:14:22,348 - Risk Analysis - INFO - directory is created ]
[2023-09-24 17:14:22,363 - Risk Analysis - INFO - directory is created ]
[2023-09-24 17:39:50,460 - Risk Analysis - INFO - directory is created ]
[2023-09-24 17:39:50,471 - Risk Analysis - INFO - directory is created ]
[2023-09-24 18:18:42,167 - numexpr.utils - INFO - NumExpr defaulting to 4 threads.]
[2023-09-24 18:18:48,430 - Risk Analysis - INFO - directory is created ]
[2023-09-24 18:18:48,430 - Risk Analysis - INFO - directory is created ]
[2023-09-24 18:19:00,699 - Risk Analysis - INFO - Data ingestion completed]
[2023-09-24 18:19:00,742 - Risk Analysis - INFO - directory is created ]
[2023-09-24 18:19:00,742 - Risk Analysis - INFO - directory is created ]
[2023-09-24 18:19:07,467 - Risk Analysis - INFO - Data transformation completed]
[2023-09-24 18:19:07,503 - Risk Analysis - INFO - directory is created ]
[2023-09-24 18:19:07,505 - Risk Analysis - INFO - directory is created ]
[2023-09-24 18:39:27,031 - Risk Analysis - INFO - Model_training  completed]
[2023-09-24 20:11:41,908 - Risk Analysis - INFO - directory is created ]
[2023-09-24 20:11:41,944 - Risk Analysis - INFO - directory is created ]
[2023-09-24 20:12:15,156 - Risk Analysis - INFO - directory is created ]
[2023-09-24 20:12:15,165 - Risk Analysis - INFO - directory is created ]
[2023-09-24 20:14:22,294 - Risk Analysis - INFO - directory is created ]
[2023-09-24 20:14:22,301 - Risk Analysis - INFO - directory is created ]
[2023-09-25 05:05:40,909 - Risk Analysis - INFO - directory is created ]
[2023-09-25 05:05:40,909 - Risk Analysis - INFO - directory is created ]
[2023-09-25 20:58:01,048 - werkzeug - INFO - [31m[1mWARNING: This is a development server. Do not use it in a production deployment. Use a production WSGI server instead.[0m
 * Running on http://127.0.0.1:5000]
[2023-09-25 20:58:01,048 - werkzeug - INFO - [33mPress CTRL+C to quit[0m]
[2023-09-25 20:58:01,066 - werkzeug - INFO -  * Restarting with stat]
[2023-09-25 20:58:06,263 - werkzeug - WARNING -  * Debugger is active!]
[2023-09-25 20:58:06,489 - werkzeug - INFO -  * Debugger PIN: 118-230-457]
[2023-09-25 20:58:07,870 - werkzeug - INFO - 127.0.0.1 - - [25/Sep/2023 20:58:07] "GET / HTTP/1.1" 200 -]
[2023-09-25 21:02:57,719 - werkzeug - INFO -  * Detected change in 'E:\\Risk-Analysis\\app.py', reloading]
[2023-09-25 21:02:58,688 - werkzeug - INFO -  * Restarting with stat]
[2023-09-25 21:03:05,143 - werkzeug - WARNING -  * Debugger is active!]
[2023-09-25 21:03:05,160 - werkzeug - INFO -  * Debugger PIN: 118-230-457]
[2023-09-25 21:03:11,484 - werkzeug - INFO -  * Detected change in 'E:\\Risk-Analysis\\app.py', reloading]
[2023-09-25 21:03:11,931 - werkzeug - INFO -  * Restarting with stat]
[2023-09-25 21:03:16,576 - werkzeug - WARNING -  * Debugger is active!]
[2023-09-25 21:03:16,603 - werkzeug - INFO -  * Debugger PIN: 118-230-457]
[2023-09-25 21:03:49,885 - werkzeug - INFO -  * Detected change in 'E:\\Risk-Analysis\\app.py', reloading]
[2023-09-25 21:03:50,213 - werkzeug - INFO -  * Restarting with stat]
[2023-09-25 21:04:02,209 - werkzeug - WARNING -  * Debugger is active!]
[2023-09-25 21:04:02,261 - werkzeug - INFO -  * Debugger PIN: 118-230-457]
[2023-09-25 21:04:09,597 - werkzeug - INFO -  * Detected change in 'E:\\Risk-Analysis\\app.py', reloading]
[2023-09-25 21:04:10,123 - werkzeug - INFO -  * Restarting with stat]
[2023-09-25 21:04:43,544 - werkzeug - INFO - [31m[1mWARNING: This is a development server. Do not use it in a production deployment. Use a production WSGI server instead.[0m
 * Running on http://127.0.0.1:5000]
[2023-09-25 21:04:43,544 - werkzeug - INFO - [33mPress CTRL+C to quit[0m]
[2023-09-25 21:04:43,544 - werkzeug - INFO -  * Restarting with stat]
[2023-09-25 21:04:47,956 - werkzeug - WARNING -  * Debugger is active!]
[2023-09-25 21:04:47,979 - werkzeug - INFO -  * Debugger PIN: 118-230-457]
[2023-09-25 21:04:49,195 - werkzeug - INFO - 127.0.0.1 - - [25/Sep/2023 21:04:49] "GET / HTTP/1.1" 200 -]
[2023-09-25 21:12:22,463 - werkzeug - INFO - [31m[1mWARNING: This is a development server. Do not use it in a production deployment. Use a production WSGI server instead.[0m
 * Running on http://127.0.0.1:5000]
[2023-09-25 21:12:22,463 - werkzeug - INFO - [33mPress CTRL+C to quit[0m]
[2023-09-25 21:12:22,478 - werkzeug - INFO -  * Restarting with stat]
[2023-09-25 21:12:26,953 - werkzeug - WARNING -  * Debugger is active!]
[2023-09-25 21:12:27,536 - werkzeug - INFO -  * Debugger PIN: 118-230-457]
[2023-09-25 21:12:27,635 - werkzeug - INFO - 127.0.0.1 - - [25/Sep/2023 21:12:27] "GET / HTTP/1.1" 200 -]
[2023-09-25 21:17:15,379 - werkzeug - INFO - [31m[1mWARNING: This is a development server. Do not use it in a production deployment. Use a production WSGI server instead.[0m
 * Running on http://127.0.0.1:5000]
[2023-09-25 21:17:15,379 - werkzeug - INFO - [33mPress CTRL+C to quit[0m]
[2023-09-25 21:17:15,379 - werkzeug - INFO -  * Restarting with stat]
[2023-09-25 21:17:20,516 - werkzeug - WARNING -  * Debugger is active!]
[2023-09-25 21:17:20,573 - werkzeug - INFO -  * Debugger PIN: 118-230-457]
[2023-09-25 21:17:20,770 - werkzeug - INFO - 127.0.0.1 - - [25/Sep/2023 21:17:20] "GET / HTTP/1.1" 200 -]
[2023-09-25 21:17:56,378 - Risk Analysis - INFO - The data_frame_started]
[2023-09-25 21:17:56,883 - werkzeug - INFO - 127.0.0.1 - - [25/Sep/2023 21:17:56] "[35m[1mPOST /predictdata HTTP/1.1[0m" 500 -]
[2023-09-25 21:17:57,044 - werkzeug - INFO - 127.0.0.1 - - [25/Sep/2023 21:17:57] "GET /predictdata?__debugger__=yes&cmd=resource&f=style.css HTTP/1.1" 200 -]
[2023-09-25 21:17:57,047 - werkzeug - INFO - 127.0.0.1 - - [25/Sep/2023 21:17:57] "GET /predictdata?__debugger__=yes&cmd=resource&f=debugger.js HTTP/1.1" 200 -]
[2023-09-25 21:17:57,244 - werkzeug - INFO - 127.0.0.1 - - [25/Sep/2023 21:17:57] "GET /predictdata?__debugger__=yes&cmd=resource&f=console.png HTTP/1.1" 200 -]
[2023-09-25 21:17:57,304 - werkzeug - INFO - 127.0.0.1 - - [25/Sep/2023 21:17:57] "[36mGET /predictdata?__debugger__=yes&cmd=resource&f=console.png HTTP/1.1[0m" 304 -]
[2023-09-25 21:18:53,745 - werkzeug - INFO -  * Detected change in 'E:\\Risk-Analysis\\src\\Risk_Analysis\\Pipeline\\PredictionPipeline.py', reloading]
[2023-09-25 21:18:54,439 - werkzeug - INFO -  * Restarting with stat]
[2023-09-25 21:19:00,038 - werkzeug - WARNING -  * Debugger is active!]
[2023-09-25 21:19:00,075 - werkzeug - INFO -  * Debugger PIN: 118-230-457]
[2023-09-25 21:19:02,199 - werkzeug - INFO -  * Detected change in 'e:\\risk-analysis\\src\\Risk_Analysis\\Pipeline\\PredictionPipeline.py', reloading]
[2023-09-25 21:19:02,655 - werkzeug - INFO -  * Restarting with stat]
[2023-09-25 21:19:07,307 - werkzeug - WARNING -  * Debugger is active!]
[2023-09-25 21:19:07,320 - werkzeug - INFO -  * Debugger PIN: 118-230-457]
[2023-09-25 21:19:08,391 - werkzeug - INFO -  * Detected change in 'E:\\Risk-Analysis\\src\\Risk_Analysis\\Pipeline\\PredictionPipeline.py', reloading]
[2023-09-25 21:19:08,761 - werkzeug - INFO -  * Restarting with stat]
[2023-09-25 21:19:14,560 - werkzeug - WARNING -  * Debugger is active!]
[2023-09-25 21:19:14,573 - werkzeug - INFO -  * Debugger PIN: 118-230-457]
[2023-09-25 21:19:15,641 - werkzeug - INFO -  * Detected change in 'e:\\risk-analysis\\src\\Risk_Analysis\\Pipeline\\PredictionPipeline.py', reloading]
[2023-09-25 21:19:16,150 - werkzeug - INFO -  * Restarting with stat]
[2023-09-25 21:19:21,346 - werkzeug - WARNING -  * Debugger is active!]
[2023-09-25 21:19:21,361 - werkzeug - INFO -  * Debugger PIN: 118-230-457]
[2023-09-25 21:19:22,422 - werkzeug - INFO -  * Detected change in 'E:\\Risk-Analysis\\src\\Risk_Analysis\\Pipeline\\PredictionPipeline.py', reloading]
[2023-09-25 21:19:22,755 - werkzeug - INFO -  * Restarting with stat]
[2023-09-25 21:19:27,032 - werkzeug - WARNING -  * Debugger is active!]
[2023-09-25 21:19:27,048 - werkzeug - INFO -  * Debugger PIN: 118-230-457]
[2023-09-25 21:24:46,050 - werkzeug - INFO - [31m[1mWARNING: This is a development server. Do not use it in a production deployment. Use a production WSGI server instead.[0m
 * Running on http://127.0.0.1:5000]
[2023-09-25 21:24:46,050 - werkzeug - INFO - [33mPress CTRL+C to quit[0m]
[2023-09-25 21:24:46,065 - werkzeug - INFO -  * Restarting with stat]
[2023-09-25 21:24:50,351 - werkzeug - WARNING -  * Debugger is active!]
[2023-09-25 21:24:50,395 - werkzeug - INFO -  * Debugger PIN: 118-230-457]
[2023-09-25 21:25:15,028 - werkzeug - INFO - 127.0.0.1 - - [25/Sep/2023 21:25:15] "GET / HTTP/1.1" 200 -]
[2023-09-25 21:25:56,619 - Risk Analysis - INFO - The data_frame_started]
[2023-09-25 21:25:56,779 - werkzeug - INFO - 127.0.0.1 - - [25/Sep/2023 21:25:56] "[35m[1mPOST /predictdata HTTP/1.1[0m" 500 -]
[2023-09-25 21:25:56,865 - werkzeug - INFO - 127.0.0.1 - - [25/Sep/2023 21:25:56] "[36mGET /predictdata?__debugger__=yes&cmd=resource&f=style.css HTTP/1.1[0m" 304 -]
[2023-09-25 21:25:56,867 - werkzeug - INFO - 127.0.0.1 - - [25/Sep/2023 21:25:56] "[36mGET /predictdata?__debugger__=yes&cmd=resource&f=debugger.js HTTP/1.1[0m" 304 -]
[2023-09-25 21:25:57,026 - werkzeug - INFO - 127.0.0.1 - - [25/Sep/2023 21:25:57] "[36mGET /predictdata?__debugger__=yes&cmd=resource&f=console.png HTTP/1.1[0m" 304 -]
[2023-09-25 21:25:57,082 - werkzeug - INFO - 127.0.0.1 - - [25/Sep/2023 21:25:57] "[36mGET /predictdata?__debugger__=yes&cmd=resource&f=console.png HTTP/1.1[0m" 304 -]
[2023-09-25 21:27:57,060 - werkzeug - INFO -  * Detected change in 'e:\\risk-analysis\\src\\Risk_Analysis\\Pipeline\\PredictionPipeline.py', reloading]
[2023-09-25 21:27:57,588 - werkzeug - INFO -  * Restarting with stat]
[2023-09-25 21:28:04,231 - werkzeug - WARNING -  * Debugger is active!]
[2023-09-25 21:28:04,231 - werkzeug - INFO -  * Debugger PIN: 118-230-457]
[2023-09-25 21:46:09,284 - werkzeug - INFO - 127.0.0.1 - - [25/Sep/2023 21:46:09] "GET / HTTP/1.1" 200 -]
[2023-09-25 21:46:13,885 - werkzeug - INFO - 127.0.0.1 - - [25/Sep/2023 21:46:13] "GET / HTTP/1.1" 200 -]
[2023-09-25 21:46:14,017 - werkzeug - INFO - 127.0.0.1 - - [25/Sep/2023 21:46:14] "GET / HTTP/1.1" 200 -]
[2023-09-25 21:46:53,432 - Risk Analysis - INFO - The data_frame_started]
[2023-09-25 21:46:53,648 - werkzeug - INFO - 127.0.0.1 - - [25/Sep/2023 21:46:53] "[35m[1mPOST /predictdata HTTP/1.1[0m" 500 -]
[2023-09-25 21:46:53,720 - werkzeug - INFO - 127.0.0.1 - - [25/Sep/2023 21:46:53] "[36mGET /predictdata?__debugger__=yes&cmd=resource&f=debugger.js HTTP/1.1[0m" 304 -]
[2023-09-25 21:46:53,729 - werkzeug - INFO - 127.0.0.1 - - [25/Sep/2023 21:46:53] "[36mGET /predictdata?__debugger__=yes&cmd=resource&f=style.css HTTP/1.1[0m" 304 -]
[2023-09-25 21:46:53,843 - werkzeug - INFO - 127.0.0.1 - - [25/Sep/2023 21:46:53] "[36mGET /predictdata?__debugger__=yes&cmd=resource&f=console.png HTTP/1.1[0m" 304 -]
[2023-09-25 21:46:53,895 - werkzeug - INFO - 127.0.0.1 - - [25/Sep/2023 21:46:53] "[36mGET /predictdata?__debugger__=yes&cmd=resource&f=console.png HTTP/1.1[0m" 304 -]
[2023-09-25 21:59:14,431 - werkzeug - INFO -  * Detected change in 'E:\\Risk-Analysis\\src\\Risk_Analysis\\components\\data_transformation.py', reloading]
[2023-09-25 21:59:16,243 - werkzeug - INFO -  * Restarting with stat]
[2023-09-25 21:59:24,004 - werkzeug - WARNING -  * Debugger is active!]
[2023-09-25 21:59:24,050 - werkzeug - INFO -  * Debugger PIN: 118-230-457]
[2023-09-25 21:59:28,307 - werkzeug - INFO -  * Detected change in 'e:\\risk-analysis\\src\\Risk_Analysis\\components\\data_transformation.py', reloading]
[2023-09-25 21:59:28,892 - werkzeug - INFO -  * Restarting with stat]
[2023-09-25 21:59:36,056 - werkzeug - WARNING -  * Debugger is active!]
[2023-09-25 21:59:36,094 - werkzeug - INFO -  * Debugger PIN: 118-230-457]
[2023-09-25 22:00:54,799 - werkzeug - INFO -  * Detected change in 'E:\\Risk-Analysis\\src\\Risk_Analysis\\Pipeline\\PredictionPipeline.py', reloading]
[2023-09-25 22:00:55,453 - werkzeug - INFO -  * Restarting with stat]
[2023-09-25 22:01:01,661 - werkzeug - WARNING -  * Debugger is active!]
[2023-09-25 22:01:01,687 - werkzeug - INFO -  * Debugger PIN: 118-230-457]
[2023-09-25 22:02:54,731 - Risk Analysis - INFO - directory is created ]
[2023-09-25 22:02:54,747 - Risk Analysis - INFO - directory is created ]
[2023-09-25 22:03:33,007 - werkzeug - INFO - [31m[1mWARNING: This is a development server. Do not use it in a production deployment. Use a production WSGI server instead.[0m
 * Running on http://127.0.0.1:5000]
[2023-09-25 22:03:33,022 - werkzeug - INFO - [33mPress CTRL+C to quit[0m]
[2023-09-25 22:03:33,030 - werkzeug - INFO -  * Restarting with stat]
[2023-09-25 22:03:50,618 - Risk Analysis - INFO - directory is created ]
[2023-09-25 22:03:50,618 - Risk Analysis - INFO - directory is created ]
[2023-09-25 22:03:59,627 - Risk Analysis - INFO - Data ingestion completed]
[2023-09-25 22:03:59,627 - Risk Analysis - INFO - directory is created ]
[2023-09-25 22:03:59,627 - Risk Analysis - INFO - directory is created ]
[2023-09-25 22:07:18,937 - Risk Analysis - INFO - directory is created ]
[2023-09-25 22:07:18,937 - Risk Analysis - INFO - directory is created ]
[2023-09-25 22:07:32,678 - Risk Analysis - INFO - Data ingestion completed]
[2023-09-25 22:07:32,694 - Risk Analysis - INFO - directory is created ]
[2023-09-25 22:07:32,694 - Risk Analysis - INFO - directory is created ]
[2023-09-25 22:09:26,086 - Risk Analysis - INFO - directory is created ]
[2023-09-25 22:09:26,086 - Risk Analysis - INFO - directory is created ]
[2023-09-25 22:09:40,908 - Risk Analysis - INFO - Data ingestion completed]
[2023-09-25 22:09:40,994 - Risk Analysis - INFO - directory is created ]
[2023-09-25 22:09:40,995 - Risk Analysis - INFO - directory is created ]
[2023-09-25 22:15:40,764 - Risk Analysis - INFO - directory is created ]
[2023-09-25 22:15:40,764 - Risk Analysis - INFO - directory is created ]
[2023-09-25 22:16:05,241 - Risk Analysis - INFO - Data ingestion completed]
[2023-09-25 22:16:05,353 - Risk Analysis - INFO - directory is created ]
[2023-09-25 22:16:05,369 - Risk Analysis - INFO - directory is created ]
[2023-09-25 22:16:17,274 - Risk Analysis - INFO - Data transformation completed]
[2023-09-25 22:16:17,319 - Risk Analysis - INFO - directory is created ]
[2023-09-25 22:16:17,319 - Risk Analysis - INFO - directory is created ]
[2023-09-25 22:38:34,025 - Risk Analysis - INFO - Model_training  completed]
[2023-09-25 22:40:52,702 - Risk Analysis - INFO - directory is created ]
[2023-09-25 22:40:52,702 - Risk Analysis - INFO - directory is created ]
[2023-09-25 22:41:06,888 - Risk Analysis - INFO - Data ingestion completed]
[2023-09-25 22:41:06,888 - Risk Analysis - INFO - directory is created ]
[2023-09-25 22:41:06,888 - Risk Analysis - INFO - directory is created ]
[2023-09-25 22:41:12,310 - Risk Analysis - INFO - Data transformation completed]
[2023-09-25 22:41:12,310 - Risk Analysis - INFO - directory is created ]
[2023-09-25 22:41:12,310 - Risk Analysis - INFO - directory is created ]
[2023-09-25 23:00:19,332 - Risk Analysis - INFO - Model_training  completed]
[2023-09-25 23:11:27,539 - werkzeug - INFO - [31m[1mWARNING: This is a development server. Do not use it in a production deployment. Use a production WSGI server instead.[0m
 * Running on http://127.0.0.1:5000]
[2023-09-25 23:11:27,539 - werkzeug - INFO - [33mPress CTRL+C to quit[0m]
[2023-09-25 23:11:27,545 - werkzeug - INFO -  * Restarting with stat]
[2023-09-25 23:11:32,695 - werkzeug - WARNING -  * Debugger is active!]
[2023-09-25 23:11:32,729 - werkzeug - INFO -  * Debugger PIN: 118-230-457]
[2023-09-25 23:11:36,998 - werkzeug - INFO - 127.0.0.1 - - [25/Sep/2023 23:11:36] "GET / HTTP/1.1" 200 -]
[2023-09-25 23:12:25,749 - Risk Analysis - INFO - The data_frame_started]
[2023-09-25 23:12:26,151 - werkzeug - INFO - 127.0.0.1 - - [25/Sep/2023 23:12:26] "[35m[1mPOST /predictdata HTTP/1.1[0m" 500 -]
[2023-09-25 23:12:26,294 - werkzeug - INFO - 127.0.0.1 - - [25/Sep/2023 23:12:26] "[36mGET /predictdata?__debugger__=yes&cmd=resource&f=debugger.js HTTP/1.1[0m" 304 -]
[2023-09-25 23:12:26,294 - werkzeug - INFO - 127.0.0.1 - - [25/Sep/2023 23:12:26] "[36mGET /predictdata?__debugger__=yes&cmd=resource&f=style.css HTTP/1.1[0m" 304 -]
[2023-09-25 23:12:26,332 - werkzeug - INFO - 127.0.0.1 - - [25/Sep/2023 23:12:26] "[36mGET /predictdata?__debugger__=yes&cmd=resource&f=console.png HTTP/1.1[0m" 304 -]
[2023-09-25 23:12:26,478 - werkzeug - INFO - 127.0.0.1 - - [25/Sep/2023 23:12:26] "[36mGET /predictdata?__debugger__=yes&cmd=resource&f=console.png HTTP/1.1[0m" 304 -]
[2023-09-25 23:18:26,729 - werkzeug - INFO -  * Detected change in 'e:\\risk-analysis\\src\\Risk_Analysis\\components\\data_transformation.py', reloading]
[2023-09-25 23:18:29,464 - werkzeug - INFO -  * Restarting with stat]
[2023-09-25 23:18:42,245 - werkzeug - WARNING -  * Debugger is active!]
[2023-09-25 23:18:42,281 - werkzeug - INFO -  * Debugger PIN: 118-230-457]
[2023-09-25 23:18:44,459 - werkzeug - INFO -  * Detected change in 'e:\\risk-analysis\\src\\Risk_Analysis\\components\\data_transformation.py', reloading]
[2023-09-25 23:18:44,969 - werkzeug - INFO -  * Restarting with stat]
[2023-09-25 23:18:55,911 - werkzeug - WARNING -  * Debugger is active!]
[2023-09-25 23:18:55,936 - werkzeug - INFO -  * Debugger PIN: 118-230-457]
[2023-09-25 23:19:03,304 - werkzeug - INFO -  * Detected change in 'E:\\Risk-Analysis\\src\\Risk_Analysis\\components\\data_transformation.py', reloading]
[2023-09-25 23:19:03,884 - werkzeug - INFO -  * Restarting with stat]
[2023-09-25 23:19:12,520 - werkzeug - WARNING -  * Debugger is active!]
[2023-09-25 23:19:12,536 - werkzeug - INFO -  * Debugger PIN: 118-230-457]
[2023-09-25 23:19:14,702 - werkzeug - INFO -  * Detected change in 'e:\\risk-analysis\\src\\Risk_Analysis\\components\\data_transformation.py', reloading]
[2023-09-25 23:19:15,109 - werkzeug - INFO -  * Restarting with stat]
[2023-09-25 23:19:23,250 - werkzeug - WARNING -  * Debugger is active!]
[2023-09-25 23:19:23,266 - werkzeug - INFO -  * Debugger PIN: 118-230-457]
[2023-09-25 23:19:24,337 - werkzeug - INFO -  * Detected change in 'e:\\risk-analysis\\src\\Risk_Analysis\\components\\data_transformation.py', reloading]
[2023-09-25 23:19:24,878 - werkzeug - INFO -  * Restarting with stat]
[2023-09-25 23:19:32,357 - werkzeug - WARNING -  * Debugger is active!]
[2023-09-25 23:19:32,374 - werkzeug - INFO -  * Debugger PIN: 118-230-457]
[2023-09-25 23:20:46,289 - werkzeug - INFO -  * Detected change in 'e:\\risk-analysis\\src\\Risk_Analysis\\Pipeline\\PredictionPipeline.py', reloading]
[2023-09-25 23:20:47,135 - werkzeug - INFO -  * Restarting with stat]
[2023-09-25 23:20:55,008 - werkzeug - WARNING -  * Debugger is active!]
[2023-09-25 23:20:55,024 - werkzeug - INFO -  * Debugger PIN: 118-230-457]
[2023-09-25 23:21:04,510 - werkzeug - INFO -  * Detected change in 'E:\\Risk-Analysis\\src\\Risk_Analysis\\Pipeline\\PredictionPipeline.py', reloading]
[2023-09-25 23:21:05,195 - werkzeug - INFO -  * Restarting with stat]
[2023-09-25 23:21:14,858 - werkzeug - WARNING -  * Debugger is active!]
[2023-09-25 23:21:14,890 - werkzeug - INFO -  * Debugger PIN: 118-230-457]
[2023-09-25 23:22:43,276 - Risk Analysis - INFO - directory is created ]
[2023-09-25 23:22:43,276 - Risk Analysis - INFO - directory is created ]
[2023-09-25 23:22:55,241 - Risk Analysis - INFO - Data ingestion completed]
[2023-09-25 23:22:55,241 - Risk Analysis - INFO - directory is created ]
[2023-09-25 23:22:55,241 - Risk Analysis - INFO - directory is created ]
[2023-09-25 23:25:40,215 - Risk Analysis - INFO - directory is created ]
[2023-09-25 23:25:40,215 - Risk Analysis - INFO - directory is created ]
[2023-09-25 23:25:58,224 - Risk Analysis - INFO - Data ingestion completed]
[2023-09-25 23:25:58,285 - Risk Analysis - INFO - directory is created ]
[2023-09-25 23:25:58,302 - Risk Analysis - INFO - directory is created ]
[2023-09-25 23:29:04,242 - Risk Analysis - INFO - directory is created ]
[2023-09-25 23:29:04,242 - Risk Analysis - INFO - directory is created ]
[2023-09-25 23:29:13,648 - Risk Analysis - INFO - Data ingestion completed]
[2023-09-25 23:29:13,648 - Risk Analysis - INFO - directory is created ]
[2023-09-25 23:29:13,648 - Risk Analysis - INFO - directory is created ]
[2023-09-25 23:39:24,294 - Risk Analysis - INFO - directory is created ]
[2023-09-25 23:39:24,302 - Risk Analysis - INFO - directory is created ]
[2023-09-25 23:39:38,410 - Risk Analysis - INFO - Data ingestion completed]
[2023-09-25 23:39:38,410 - Risk Analysis - INFO - directory is created ]
[2023-09-25 23:39:38,410 - Risk Analysis - INFO - directory is created ]
[2023-09-25 23:39:43,874 - Risk Analysis - INFO - Data transformation completed]
[2023-09-25 23:39:43,889 - Risk Analysis - INFO - directory is created ]
[2023-09-25 23:39:43,889 - Risk Analysis - INFO - directory is created ]
[2023-09-25 23:44:42,654 - Risk Analysis - INFO - directory is created ]
[2023-09-25 23:44:42,654 - Risk Analysis - INFO - directory is created ]
[2023-09-25 23:44:56,509 - Risk Analysis - INFO - Data ingestion completed]
[2023-09-25 23:44:56,509 - Risk Analysis - INFO - directory is created ]
[2023-09-25 23:44:56,509 - Risk Analysis - INFO - directory is created ]
[2023-09-25 23:45:01,391 - Risk Analysis - INFO - Data transformation completed]
[2023-09-25 23:45:01,412 - Risk Analysis - INFO - directory is created ]
[2023-09-25 23:45:01,412 - Risk Analysis - INFO - directory is created ]
[2023-09-26 07:01:59,615 - Risk Analysis - INFO - directory is created ]
[2023-09-26 07:01:59,615 - Risk Analysis - INFO - directory is created ]
[2023-09-26 07:02:10,551 - Risk Analysis - INFO - Data ingestion completed]
[2023-09-26 07:02:10,567 - Risk Analysis - INFO - directory is created ]
[2023-09-26 07:02:10,567 - Risk Analysis - INFO - directory is created ]
[2023-09-26 07:02:15,659 - Risk Analysis - INFO - Data transformation completed]
[2023-09-26 07:02:15,675 - Risk Analysis - INFO - directory is created ]
[2023-09-26 07:02:15,675 - Risk Analysis - INFO - directory is created ]
[2023-09-26 07:19:36,205 - Risk Analysis - INFO - Model_training  completed]
[2023-09-26 07:25:35,750 - Risk Analysis - INFO - directory is created ]
[2023-09-26 07:25:35,750 - Risk Analysis - INFO - directory is created ]
[2023-09-26 07:25:47,287 - Risk Analysis - INFO - Data ingestion completed]
[2023-09-26 07:25:47,302 - Risk Analysis - INFO - directory is created ]
[2023-09-26 07:25:47,302 - Risk Analysis - INFO - directory is created ]
[2023-09-26 07:25:53,482 - Risk Analysis - INFO - Data transformation completed]
[2023-09-26 07:25:53,502 - Risk Analysis - INFO - directory is created ]
[2023-09-26 07:25:53,503 - Risk Analysis - INFO - directory is created ]
[2023-09-26 07:42:50,622 - Risk Analysis - INFO - Model_training  completed]
[2023-09-26 07:46:09,205 - werkzeug - INFO - [31m[1mWARNING: This is a development server. Do not use it in a production deployment. Use a production WSGI server instead.[0m
 * Running on http://127.0.0.1:5000]
[2023-09-26 07:46:09,221 - werkzeug - INFO - [33mPress CTRL+C to quit[0m]
[2023-09-26 07:46:09,221 - werkzeug - INFO -  * Restarting with stat]
[2023-09-26 07:46:13,442 - werkzeug - WARNING -  * Debugger is active!]
[2023-09-26 07:46:13,468 - werkzeug - INFO -  * Debugger PIN: 118-230-457]
[2023-09-26 07:46:18,357 - werkzeug - INFO - 127.0.0.1 - - [26/Sep/2023 07:46:18] "GET / HTTP/1.1" 200 -]
[2023-09-26 07:46:18,632 - werkzeug - INFO - 127.0.0.1 - - [26/Sep/2023 07:46:18] "[33mGET /favicon.ico HTTP/1.1[0m" 404 -]
[2023-09-26 07:47:39,154 - Risk Analysis - INFO - The data_frame_started]
[2023-09-26 07:47:39,442 - werkzeug - INFO - 127.0.0.1 - - [26/Sep/2023 07:47:39] "POST /predictdata HTTP/1.1" 200 -]
[2023-09-26 07:48:40,993 - Risk Analysis - INFO - The data_frame_started]
[2023-09-26 07:48:41,030 - werkzeug - INFO - 127.0.0.1 - - [26/Sep/2023 07:48:41] "POST /predictdata HTTP/1.1" 200 -]
[2023-09-26 08:26:13,801 - werkzeug - INFO -  * Detected change in 'E:\\Risk-Analysis\\app.py', reloading]
[2023-09-26 08:26:21,534 - werkzeug - INFO -  * Restarting with stat]
[2023-09-26 08:26:35,711 - werkzeug - WARNING -  * Debugger is active!]
[2023-09-26 08:26:35,747 - werkzeug - INFO -  * Debugger PIN: 118-230-457]
[2023-09-26 08:29:02,015 - werkzeug - INFO - [31m[1mWARNING: This is a development server. Do not use it in a production deployment. Use a production WSGI server instead.[0m
 * Running on http://127.0.0.1:5000]
[2023-09-26 08:29:02,017 - werkzeug - INFO - [33mPress CTRL+C to quit[0m]
[2023-09-26 08:29:02,017 - werkzeug - INFO -  * Restarting with stat]
[2023-09-26 08:29:06,702 - werkzeug - WARNING -  * Debugger is active!]
[2023-09-26 08:29:06,732 - werkzeug - INFO -  * Debugger PIN: 118-230-457]
[2023-09-26 08:29:11,274 - werkzeug - INFO - 127.0.0.1 - - [26/Sep/2023 08:29:11] "GET / HTTP/1.1" 200 -]
[2023-09-26 08:29:11,750 - werkzeug - INFO - 127.0.0.1 - - [26/Sep/2023 08:29:11] "[33mGET /favicon.ico HTTP/1.1[0m" 404 -]
[2023-09-26 08:29:58,224 - Risk Analysis - INFO - The data_frame_started]
[2023-09-26 08:29:58,424 - werkzeug - INFO - 127.0.0.1 - - [26/Sep/2023 08:29:58] "POST /predictdata HTTP/1.1" 200 -]
[2023-09-26 08:44:32,899 - werkzeug - INFO - [31m[1mWARNING: This is a development server. Do not use it in a production deployment. Use a production WSGI server instead.[0m
 * Running on http://127.0.0.1:5000]
[2023-09-26 08:44:32,899 - werkzeug - INFO - [33mPress CTRL+C to quit[0m]
[2023-09-26 08:44:32,899 - werkzeug - INFO -  * Restarting with stat]
[2023-09-26 08:44:40,871 - werkzeug - WARNING -  * Debugger is active!]
[2023-09-26 08:44:40,892 - werkzeug - INFO -  * Debugger PIN: 118-230-457]
[2023-09-26 08:44:40,945 - werkzeug - INFO - 127.0.0.1 - - [26/Sep/2023 08:44:40] "GET / HTTP/1.1" 200 -]
[2023-09-26 10:06:49,715 - werkzeug - INFO - 127.0.0.1 - - [26/Sep/2023 10:06:49] "GET / HTTP/1.1" 200 -]
[2023-09-26 10:07:52,721 - werkzeug - INFO -  * Detected change in 'E:\\Risk-Analysis\\app.py', reloading]
[2023-09-26 10:07:54,031 - werkzeug - INFO -  * Restarting with stat]
[2023-09-26 10:18:42,356 - werkzeug - INFO - [31m[1mWARNING: This is a development server. Do not use it in a production deployment. Use a production WSGI server instead.[0m
 * Running on http://127.0.0.1:5000]
[2023-09-26 10:18:42,358 - werkzeug - INFO - [33mPress CTRL+C to quit[0m]
[2023-09-26 10:18:42,363 - werkzeug - INFO -  * Restarting with stat]
[2023-09-26 10:18:48,600 - werkzeug - WARNING -  * Debugger is active!]
[2023-09-26 10:18:48,631 - werkzeug - INFO -  * Debugger PIN: 118-230-457]
[2023-09-26 10:18:48,686 - werkzeug - INFO - 127.0.0.1 - - [26/Sep/2023 10:18:48] "GET / HTTP/1.1" 200 -]
[2023-09-26 10:19:21,840 - Risk Analysis - INFO - The data_frame_started]
[2023-09-26 10:19:22,120 - werkzeug - INFO - 127.0.0.1 - - [26/Sep/2023 10:19:22] "[35m[1mPOST /predictdata HTTP/1.1[0m" 500 -]
[2023-09-26 10:19:22,204 - werkzeug - INFO - 127.0.0.1 - - [26/Sep/2023 10:19:22] "[36mGET /predictdata?__debugger__=yes&cmd=resource&f=style.css HTTP/1.1[0m" 304 -]
[2023-09-26 10:19:22,206 - werkzeug - INFO - 127.0.0.1 - - [26/Sep/2023 10:19:22] "[36mGET /predictdata?__debugger__=yes&cmd=resource&f=debugger.js HTTP/1.1[0m" 304 -]
[2023-09-26 10:19:22,320 - werkzeug - INFO - 127.0.0.1 - - [26/Sep/2023 10:19:22] "[36mGET /predictdata?__debugger__=yes&cmd=resource&f=console.png HTTP/1.1[0m" 304 -]
[2023-09-26 10:19:22,374 - werkzeug - INFO - 127.0.0.1 - - [26/Sep/2023 10:19:22] "[36mGET /predictdata?__debugger__=yes&cmd=resource&f=console.png HTTP/1.1[0m" 304 -]
[2023-09-26 10:20:13,458 - werkzeug - INFO - [31m[1mWARNING: This is a development server. Do not use it in a production deployment. Use a production WSGI server instead.[0m
 * Running on http://127.0.0.1:5000]
[2023-09-26 10:20:13,458 - werkzeug - INFO - [33mPress CTRL+C to quit[0m]
[2023-09-26 10:20:13,458 - werkzeug - INFO -  * Restarting with stat]
[2023-09-26 10:20:18,349 - werkzeug - WARNING -  * Debugger is active!]
[2023-09-26 10:20:18,363 - werkzeug - INFO -  * Debugger PIN: 118-230-457]
[2023-09-26 10:20:18,413 - werkzeug - INFO - 127.0.0.1 - - [26/Sep/2023 10:20:18] "GET / HTTP/1.1" 200 -]
[2023-09-26 10:20:52,432 - Risk Analysis - INFO - The data_frame_started]
[2023-09-26 10:20:52,607 - werkzeug - INFO - 127.0.0.1 - - [26/Sep/2023 10:20:52] "POST /predictdata HTTP/1.1" 200 -]
[2023-09-26 10:22:24,921 - werkzeug - INFO - [31m[1mWARNING: This is a development server. Do not use it in a production deployment. Use a production WSGI server instead.[0m
 * Running on http://127.0.0.1:5000]
[2023-09-26 10:22:24,921 - werkzeug - INFO - [33mPress CTRL+C to quit[0m]
[2023-09-26 10:22:24,921 - werkzeug - INFO -  * Restarting with stat]
[2023-09-26 10:22:30,093 - werkzeug - WARNING -  * Debugger is active!]
[2023-09-26 10:22:30,108 - werkzeug - INFO -  * Debugger PIN: 118-230-457]
[2023-09-26 10:22:30,161 - werkzeug - INFO - 127.0.0.1 - - [26/Sep/2023 10:22:30] "GET / HTTP/1.1" 200 -]
[2023-09-26 10:23:15,164 - Risk Analysis - INFO - The data_frame_started]
[2023-09-26 10:23:15,351 - werkzeug - INFO - 127.0.0.1 - - [26/Sep/2023 10:23:15] "POST /predictdata HTTP/1.1" 200 -]
[2023-09-26 10:26:37,318 - werkzeug - INFO - [31m[1mWARNING: This is a development server. Do not use it in a production deployment. Use a production WSGI server instead.[0m
 * Running on http://127.0.0.1:5000]
[2023-09-26 10:26:37,318 - werkzeug - INFO - [33mPress CTRL+C to quit[0m]
[2023-09-26 10:26:37,318 - werkzeug - INFO -  * Restarting with stat]
[2023-09-26 10:26:42,867 - werkzeug - WARNING -  * Debugger is active!]
[2023-09-26 10:26:42,886 - werkzeug - INFO -  * Debugger PIN: 118-230-457]
[2023-09-26 10:26:42,951 - werkzeug - INFO - 127.0.0.1 - - [26/Sep/2023 10:26:42] "GET / HTTP/1.1" 200 -]
[2023-09-26 10:27:14,173 - Risk Analysis - INFO - The data_frame_started]
[2023-09-26 10:27:14,359 - werkzeug - INFO - 127.0.0.1 - - [26/Sep/2023 10:27:14] "POST /predictdata HTTP/1.1" 200 -]
[2023-09-26 10:28:07,633 - werkzeug - INFO - 127.0.0.1 - - [26/Sep/2023 10:28:07] "GET / HTTP/1.1" 200 -]
[2023-09-26 10:28:58,377 - Risk Analysis - INFO - The data_frame_started]
[2023-09-26 10:28:58,419 - werkzeug - INFO - 127.0.0.1 - - [26/Sep/2023 10:28:58] "POST /predictdata HTTP/1.1" 200 -]
[2023-09-26 10:29:27,392 - werkzeug - INFO - 127.0.0.1 - - [26/Sep/2023 10:29:27] "GET / HTTP/1.1" 200 -]
[2023-09-26 10:32:39,392 - werkzeug - INFO - [31m[1mWARNING: This is a development server. Do not use it in a production deployment. Use a production WSGI server instead.[0m
 * Running on http://127.0.0.1:5000]
[2023-09-26 10:32:39,392 - werkzeug - INFO - [33mPress CTRL+C to quit[0m]
[2023-09-26 10:32:39,392 - werkzeug - INFO -  * Restarting with stat]
[2023-09-26 10:32:44,608 - werkzeug - WARNING -  * Debugger is active!]
[2023-09-26 10:32:44,620 - werkzeug - INFO -  * Debugger PIN: 118-230-457]
[2023-09-26 10:32:44,665 - werkzeug - INFO - 127.0.0.1 - - [26/Sep/2023 10:32:44] "GET / HTTP/1.1" 200 -]
[2023-09-26 10:32:44,755 - werkzeug - INFO - 127.0.0.1 - - [26/Sep/2023 10:32:44] "[33mGET /arrow-down.png HTTP/1.1[0m" 404 -]
[2023-09-26 10:33:39,383 - werkzeug - INFO - [31m[1mWARNING: This is a development server. Do not use it in a production deployment. Use a production WSGI server instead.[0m
 * Running on http://127.0.0.1:5000]
[2023-09-26 10:33:39,383 - werkzeug - INFO - [33mPress CTRL+C to quit[0m]
[2023-09-26 10:33:39,383 - werkzeug - INFO -  * Restarting with stat]
[2023-09-26 10:33:44,201 - werkzeug - WARNING -  * Debugger is active!]
[2023-09-26 10:33:44,217 - werkzeug - INFO -  * Debugger PIN: 118-230-457]
[2023-09-26 10:33:44,266 - werkzeug - INFO - 127.0.0.1 - - [26/Sep/2023 10:33:44] "GET / HTTP/1.1" 200 -]
[2023-09-26 10:33:44,326 - werkzeug - INFO - 127.0.0.1 - - [26/Sep/2023 10:33:44] "[33mGET /arrow-down.png HTTP/1.1[0m" 404 -]
[2023-09-26 10:34:23,316 - Risk Analysis - INFO - The data_frame_started]
[2023-09-26 10:34:23,387 - werkzeug - INFO - 127.0.0.1 - - [26/Sep/2023 10:34:23] "POST /predictdata HTTP/1.1" 200 -]
[2023-09-26 10:34:56,107 - werkzeug - INFO - 127.0.0.1 - - [26/Sep/2023 10:34:56] "[33mGET /arrow-down.png HTTP/1.1[0m" 404 -]
[2023-09-26 11:11:50,928 - werkzeug - INFO - [31m[1mWARNING: This is a development server. Do not use it in a production deployment. Use a production WSGI server instead.[0m
 * Running on http://127.0.0.1:5000]
[2023-09-26 11:11:50,930 - werkzeug - INFO - [33mPress CTRL+C to quit[0m]
[2023-09-26 11:11:50,935 - werkzeug - INFO -  * Restarting with stat]
[2023-09-26 11:11:57,692 - werkzeug - WARNING -  * Debugger is active!]
[2023-09-26 11:11:57,710 - werkzeug - INFO -  * Debugger PIN: 118-230-457]
[2023-09-26 11:12:42,181 - werkzeug - INFO - 127.0.0.1 - - [26/Sep/2023 11:12:42] "GET / HTTP/1.1" 200 -]
[2023-09-26 11:12:42,310 - werkzeug - INFO - 127.0.0.1 - - [26/Sep/2023 11:12:42] "[33mGET /arrow-down.png HTTP/1.1[0m" 404 -]
[2023-09-26 11:13:22,231 - Risk Analysis - INFO - The data_frame_started]
[2023-09-26 11:13:22,442 - werkzeug - INFO - 127.0.0.1 - - [26/Sep/2023 11:13:22] "POST /predictdata HTTP/1.1" 200 -]
[2023-09-26 11:14:35,798 - werkzeug - INFO - 127.0.0.1 - - [26/Sep/2023 11:14:35] "GET / HTTP/1.1" 200 -]
[2023-09-26 11:14:35,849 - werkzeug - INFO - 127.0.0.1 - - [26/Sep/2023 11:14:35] "[33mGET /arrow-down.png HTTP/1.1[0m" 404 -]
[2023-09-26 11:18:31,387 - werkzeug - INFO - [31m[1mWARNING: This is a development server. Do not use it in a production deployment. Use a production WSGI server instead.[0m
 * Running on http://127.0.0.1:5000]
[2023-09-26 11:18:31,389 - werkzeug - INFO - [33mPress CTRL+C to quit[0m]
[2023-09-26 11:18:31,395 - werkzeug - INFO -  * Restarting with stat]
[2023-09-26 11:18:36,720 - werkzeug - WARNING -  * Debugger is active!]
[2023-09-26 11:18:36,737 - werkzeug - INFO -  * Debugger PIN: 118-230-457]
[2023-09-26 11:18:36,787 - werkzeug - INFO - 127.0.0.1 - - [26/Sep/2023 11:18:36] "GET / HTTP/1.1" 200 -]
[2023-09-26 11:18:36,854 - werkzeug - INFO - 127.0.0.1 - - [26/Sep/2023 11:18:36] "[33mGET /arrow-down.png HTTP/1.1[0m" 404 -]
[2023-09-26 11:24:46,882 - werkzeug - INFO - [31m[1mWARNING: This is a development server. Do not use it in a production deployment. Use a production WSGI server instead.[0m
 * Running on http://127.0.0.1:5000]
[2023-09-26 11:24:46,883 - werkzeug - INFO - [33mPress CTRL+C to quit[0m]
[2023-09-26 11:24:46,887 - werkzeug - INFO -  * Restarting with stat]
[2023-09-26 11:24:52,877 - werkzeug - WARNING -  * Debugger is active!]
[2023-09-26 11:24:52,889 - werkzeug - INFO -  * Debugger PIN: 118-230-457]
[2023-09-26 11:25:12,630 - werkzeug - INFO - 127.0.0.1 - - [26/Sep/2023 11:25:12] "GET / HTTP/1.1" 200 -]
[2023-09-26 11:25:12,864 - werkzeug - INFO - 127.0.0.1 - - [26/Sep/2023 11:25:12] "[33mGET /arrow-down.png HTTP/1.1[0m" 404 -]
[2023-09-26 11:28:41,035 - werkzeug - INFO - [31m[1mWARNING: This is a development server. Do not use it in a production deployment. Use a production WSGI server instead.[0m
 * Running on http://127.0.0.1:5000]
[2023-09-26 11:28:41,036 - werkzeug - INFO - [33mPress CTRL+C to quit[0m]
[2023-09-26 11:28:41,039 - werkzeug - INFO -  * Restarting with stat]
[2023-09-26 11:28:48,540 - werkzeug - WARNING -  * Debugger is active!]
[2023-09-26 11:28:48,572 - werkzeug - INFO -  * Debugger PIN: 118-230-457]
[2023-09-26 11:28:48,624 - werkzeug - INFO - 127.0.0.1 - - [26/Sep/2023 11:28:48] "GET / HTTP/1.1" 200 -]
[2023-09-26 11:28:48,684 - werkzeug - INFO - 127.0.0.1 - - [26/Sep/2023 11:28:48] "[33mGET /arrow-down.png HTTP/1.1[0m" 404 -]
[2023-09-26 11:31:45,888 - werkzeug - INFO - [31m[1mWARNING: This is a development server. Do not use it in a production deployment. Use a production WSGI server instead.[0m
 * Running on http://127.0.0.1:5000]
[2023-09-26 11:31:45,889 - werkzeug - INFO - [33mPress CTRL+C to quit[0m]
[2023-09-26 11:31:45,896 - werkzeug - INFO -  * Restarting with stat]
[2023-09-26 11:31:55,189 - werkzeug - WARNING -  * Debugger is active!]
[2023-09-26 11:31:55,211 - werkzeug - INFO -  * Debugger PIN: 118-230-457]
[2023-09-26 11:31:55,287 - werkzeug - INFO - 127.0.0.1 - - [26/Sep/2023 11:31:55] "GET / HTTP/1.1" 200 -]
[2023-09-26 11:31:55,483 - werkzeug - INFO - 127.0.0.1 - - [26/Sep/2023 11:31:55] "[33mGET /arrow-down.png HTTP/1.1[0m" 404 -]
[2023-09-26 11:32:58,975 - Risk Analysis - INFO - The data_frame_started]
[2023-09-26 11:32:59,196 - werkzeug - INFO - 127.0.0.1 - - [26/Sep/2023 11:32:59] "POST /predictdata HTTP/1.1" 200 -]
[2023-09-26 11:33:06,709 - werkzeug - INFO - 127.0.0.1 - - [26/Sep/2023 11:33:06] "GET / HTTP/1.1" 200 -]
[2023-09-26 11:33:06,763 - werkzeug - INFO - 127.0.0.1 - - [26/Sep/2023 11:33:06] "[33mGET /arrow-down.png HTTP/1.1[0m" 404 -]
[2023-09-26 11:38:15,901 - Risk Analysis - INFO - The data_frame_started]
[2023-09-26 11:38:16,059 - werkzeug - INFO - 127.0.0.1 - - [26/Sep/2023 11:38:16] "[35m[1mPOST /predictdata HTTP/1.1[0m" 500 -]
[2023-09-26 11:38:16,175 - werkzeug - INFO - 127.0.0.1 - - [26/Sep/2023 11:38:16] "[36mGET /predictdata?__debugger__=yes&cmd=resource&f=style.css HTTP/1.1[0m" 304 -]
[2023-09-26 11:38:16,243 - werkzeug - INFO - 127.0.0.1 - - [26/Sep/2023 11:38:16] "[36mGET /predictdata?__debugger__=yes&cmd=resource&f=debugger.js HTTP/1.1[0m" 304 -]
[2023-09-26 11:38:16,464 - werkzeug - INFO - 127.0.0.1 - - [26/Sep/2023 11:38:16] "[36mGET /predictdata?__debugger__=yes&cmd=resource&f=console.png HTTP/1.1[0m" 304 -]
[2023-09-26 11:38:16,532 - werkzeug - INFO - 127.0.0.1 - - [26/Sep/2023 11:38:16] "[36mGET /predictdata?__debugger__=yes&cmd=resource&f=console.png HTTP/1.1[0m" 304 -]
[2023-09-26 11:39:14,642 - werkzeug - INFO - [31m[1mWARNING: This is a development server. Do not use it in a production deployment. Use a production WSGI server instead.[0m
 * Running on http://127.0.0.1:5000]
[2023-09-26 11:39:14,643 - werkzeug - INFO - [33mPress CTRL+C to quit[0m]
[2023-09-26 11:39:14,647 - werkzeug - INFO -  * Restarting with stat]
[2023-09-26 11:39:19,238 - werkzeug - WARNING -  * Debugger is active!]
[2023-09-26 11:39:19,250 - werkzeug - INFO -  * Debugger PIN: 118-230-457]
[2023-09-26 11:39:21,189 - werkzeug - INFO - 127.0.0.1 - - [26/Sep/2023 11:39:21] "GET / HTTP/1.1" 200 -]
[2023-09-26 11:39:21,695 - werkzeug - INFO - 127.0.0.1 - - [26/Sep/2023 11:39:21] "[33mGET /arrow-down.png HTTP/1.1[0m" 404 -]
[2023-09-26 11:40:17,379 - Risk Analysis - INFO - The data_frame_started]
[2023-09-26 11:40:17,580 - werkzeug - INFO - 127.0.0.1 - - [26/Sep/2023 11:40:17] "POST /predictdata HTTP/1.1" 200 -]
[2023-09-26 11:40:40,663 - werkzeug - INFO - 127.0.0.1 - - [26/Sep/2023 11:40:40] "GET / HTTP/1.1" 200 -]
[2023-09-26 11:40:40,720 - werkzeug - INFO - 127.0.0.1 - - [26/Sep/2023 11:40:40] "[33mGET /arrow-down.png HTTP/1.1[0m" 404 -]
[2023-09-26 11:46:56,843 - werkzeug - INFO - [31m[1mWARNING: This is a development server. Do not use it in a production deployment. Use a production WSGI server instead.[0m
 * Running on http://127.0.0.1:5000]
[2023-09-26 11:46:56,844 - werkzeug - INFO - [33mPress CTRL+C to quit[0m]
[2023-09-26 11:46:56,850 - werkzeug - INFO -  * Restarting with stat]
[2023-09-26 11:47:03,154 - werkzeug - WARNING -  * Debugger is active!]
[2023-09-26 11:47:03,192 - werkzeug - INFO -  * Debugger PIN: 118-230-457]
[2023-09-26 11:47:03,282 - werkzeug - INFO - 127.0.0.1 - - [26/Sep/2023 11:47:03] "GET / HTTP/1.1" 200 -]
[2023-09-26 11:47:03,360 - werkzeug - INFO - 127.0.0.1 - - [26/Sep/2023 11:47:03] "[33mGET /arrow-down.png HTTP/1.1[0m" 404 -]
[2023-09-26 11:58:02,450 - werkzeug - INFO - [31m[1mWARNING: This is a development server. Do not use it in a production deployment. Use a production WSGI server instead.[0m
 * Running on http://127.0.0.1:5000]
[2023-09-26 11:58:02,451 - werkzeug - INFO - [33mPress CTRL+C to quit[0m]
[2023-09-26 11:58:02,454 - werkzeug - INFO -  * Restarting with stat]
[2023-09-26 11:58:07,187 - werkzeug - WARNING -  * Debugger is active!]
[2023-09-26 11:58:07,201 - werkzeug - INFO -  * Debugger PIN: 118-230-457]
[2023-09-26 11:58:07,254 - werkzeug - INFO - 127.0.0.1 - - [26/Sep/2023 11:58:07] "GET / HTTP/1.1" 200 -]
[2023-09-26 11:58:07,337 - werkzeug - INFO - 127.0.0.1 - - [26/Sep/2023 11:58:07] "[33mGET /arrow-down.png HTTP/1.1[0m" 404 -]
[2023-09-29 12:33:37,861 - werkzeug - INFO - [31m[1mWARNING: This is a development server. Do not use it in a production deployment. Use a production WSGI server instead.[0m
 * Running on http://127.0.0.1:5000]
[2023-09-29 12:33:37,863 - werkzeug - INFO - [33mPress CTRL+C to quit[0m]
[2023-09-29 12:33:37,868 - werkzeug - INFO -  * Restarting with stat]
[2023-09-29 12:33:44,029 - werkzeug - WARNING -  * Debugger is active!]
[2023-09-29 12:33:44,062 - werkzeug - INFO -  * Debugger PIN: 118-230-457]
[2023-09-29 12:33:53,223 - werkzeug - INFO - 127.0.0.1 - - [29/Sep/2023 12:33:53] "GET / HTTP/1.1" 200 -]
[2023-09-29 12:33:55,646 - werkzeug - INFO - 127.0.0.1 - - [29/Sep/2023 12:33:55] "GET / HTTP/1.1" 200 -]
[2023-09-29 12:33:56,958 - werkzeug - INFO - 127.0.0.1 - - [29/Sep/2023 12:33:56] "[33mGET /arrow-down.png HTTP/1.1[0m" 404 -]
[2023-09-29 12:33:57,071 - werkzeug - INFO - 127.0.0.1 - - [29/Sep/2023 12:33:57] "[33mGET /favicon.ico HTTP/1.1[0m" 404 -]
[2023-09-29 12:33:57,797 - werkzeug - INFO - 127.0.0.1 - - [29/Sep/2023 12:33:57] "[33mGET /arrow-down.png HTTP/1.1[0m" 404 -]
[2023-09-29 12:34:37,590 - Risk Analysis - INFO - The data_frame_started]
[2023-09-29 12:34:37,959 - werkzeug - INFO - 127.0.0.1 - - [29/Sep/2023 12:34:37] "POST /predictdata HTTP/1.1" 200 -]
[2023-09-29 12:34:47,634 - werkzeug - INFO - 127.0.0.1 - - [29/Sep/2023 12:34:47] "GET / HTTP/1.1" 200 -]
[2023-09-29 12:34:47,680 - werkzeug - INFO - 127.0.0.1 - - [29/Sep/2023 12:34:47] "[33mGET /arrow-down.png HTTP/1.1[0m" 404 -]
[2023-09-30 14:50:10,445 - werkzeug - INFO - [31m[1mWARNING: This is a development server. Do not use it in a production deployment. Use a production WSGI server instead.[0m
 * Running on all addresses (0.0.0.0)
 * Running on http://127.0.0.1:8080
 * Running on http://192.168.43.191:8080]
[2023-09-30 14:50:10,445 - werkzeug - INFO - [33mPress CTRL+C to quit[0m]
[2023-09-30 14:50:19,134 - werkzeug - INFO - 127.0.0.1 - - [30/Sep/2023 14:50:19] "GET / HTTP/1.1" 200 -]
[2023-09-30 14:50:19,278 - werkzeug - INFO - 127.0.0.1 - - [30/Sep/2023 14:50:19] "GET / HTTP/1.1" 200 -]
[2023-09-30 14:50:19,535 - werkzeug - INFO - 127.0.0.1 - - [30/Sep/2023 14:50:19] "[33mGET /arrow-down.png HTTP/1.1[0m" 404 -]
[2023-09-30 14:50:19,543 - werkzeug - INFO - 127.0.0.1 - - [30/Sep/2023 14:50:19] "[33mGET /arrow-down.png HTTP/1.1[0m" 404 -]
[2023-09-30 14:50:19,701 - werkzeug - INFO - 127.0.0.1 - - [30/Sep/2023 14:50:19] "[33mGET /favicon.ico HTTP/1.1[0m" 404 -]
[2023-09-30 14:50:19,718 - werkzeug - INFO - 127.0.0.1 - - [30/Sep/2023 14:50:19] "[33mGET /favicon.ico HTTP/1.1[0m" 404 -]
[2023-09-30 14:50:56,785 - Risk Analysis - INFO - The data_frame_started]
[2023-09-30 14:50:57,360 - werkzeug - INFO - 127.0.0.1 - - [30/Sep/2023 14:50:57] "POST /predictdata HTTP/1.1" 200 -]
